
> @0.42.0 start /media/home/neutrico/Pulpit/neutrico/neutrico.github.io
> jekyll build && cp _scripts/*.js _site/assets/scripts/ && node-sass _styles/main.scss _site/main.css && browser-sync start --config bs-config.js

Configuration file: /media/home/neutrico/Pulpit/neutrico/neutrico.github.io/_config.yml
            Source: /media/home/neutrico/Pulpit/neutrico/neutrico.github.io
       Destination: /media/home/neutrico/Pulpit/neutrico/neutrico.github.io/_site
 Incremental build: disabled. Enable with --incremental
      Generating... 
                    done in 0.645 seconds.
 Auto-regeneration: disabled. Use --watch to enable.
Rendering Complete, saving .css file...
Wrote CSS to /media/home/neutrico/Pulpit/neutrico/neutrico.github.io/_site/main.css
[BS] Access URLs:
 ----------------------------------
    Local: http://localhost:3000
 External: http://192.168.1.99:3000
 ----------------------------------
[BS] Serving files from: _site
[BS] Watching files...

> @0.42.0 start /media/home/neutrico/Pulpit/neutrico/neutrico.github.io
> jekyll build && cp _scripts/*.js _site/assets/scripts/ && node-sass _styles/main.scss _site/main.css && browser-sync start --config bs-config.js

Configuration file: /media/home/neutrico/Pulpit/neutrico/neutrico.github.io/_config.yml
            Source: /media/home/neutrico/Pulpit/neutrico/neutrico.github.io
       Destination: /media/home/neutrico/Pulpit/neutrico/neutrico.github.io/_site
 Incremental build: disabled. Enable with --incremental
      Generating... 
                    done in 0.234 seconds.
 Auto-regeneration: disabled. Use --watch to enable.
Rendering Complete, saving .css file...
Wrote CSS to /media/home/neutrico/Pulpit/neutrico/neutrico.github.io/_site/main.css
[BS] Access URLs:
 ----------------------------------
    Local: http://localhost:3000
 External: http://192.168.1.99:3000
 ----------------------------------
[BS] Serving files from: _site
[BS] Watching files...
[BS] File changed: _site/about/index.html
[BS] File changed: _site/feed.xml
[BS] File changed: _site/index.html
[BS] File changed: _site/assets/README.md
[BS] File changed: _site/assets/scripts/analytics.js
[BS] File changed: _site/assets/scripts/ga.js
[BS] File changed: _site/assets/scripts/main.js
[BS] File changed: _site/blog.html
[BS] File changed: _site/favicon.ico
[BS] File changed: _site/humans.txt
[BS] File changed: _site/manifest.json
[BS] File changed: _site/nohup.out
[BS] File changed: _site/semantic.json
[BS] File changed: _site/jekyll/update/2016/06/23/welcome-to-jekyll.html
[BS] File changed: _site/index.html
[BS] File changed: _site/nohup.out
